  combine.c
C:\Users\user\Desktop\Diploma Y1\Y1S3\PCD2\combine\combine\combine.c(111,10): warning C4129: ' ': unrecognized character escape sequence
C:\Users\user\Desktop\Diploma Y1\Y1S3\PCD2\combine\combine\combine.c(174,8): warning C4101: 'staff': unreferenced local variable
C:\Users\user\Desktop\Diploma Y1\Y1S3\PCD2\combine\combine\combine.c(1096,11): warning C4477: 'scanf' : format string '%c' requires an argument of type 'char *', but variadic argument 1 has type 'int *'
C:\Users\user\Desktop\Diploma Y1\Y1S3\PCD2\combine\combine\combine.c(1282,7): warning C4013: 'gets' undefined; assuming extern returning int
C:\Users\user\Desktop\Diploma Y1\Y1S3\PCD2\combine\combine\combine.c(1399,9): warning C4101: 'info': unreferenced local variable
C:\Users\user\Desktop\Diploma Y1\Y1S3\PCD2\combine\combine\combine.c(1611,54): warning C4047: 'function': 'const char *' differs in levels of indirection from 'char'
C:\Users\user\Desktop\Diploma Y1\Y1S3\PCD2\combine\combine\combine.c(1611,46): warning C4024: 'strcpy': different types for formal and actual parameter 2
C:\Users\user\Desktop\Diploma Y1\Y1S3\PCD2\combine\combine\combine.c(1647,80): warning C4047: '!=': 'int' differs in levels of indirection from 'char [2]'
C:\Users\user\Desktop\Diploma Y1\Y1S3\PCD2\combine\combine\combine.c(1791,49): warning C4047: 'function': 'const char *' differs in levels of indirection from 'char'
C:\Users\user\Desktop\Diploma Y1\Y1S3\PCD2\combine\combine\combine.c(1791,41): warning C4024: 'strcpy': different types for formal and actual parameter 2
C:\Users\user\Desktop\Diploma Y1\Y1S3\PCD2\combine\combine\combine.c(1836,9): warning C4101: 'info': unreferenced local variable
C:\Users\user\Desktop\Diploma Y1\Y1S3\PCD2\combine\combine\combine.c(1931,9): warning C4101: 'info': unreferenced local variable
C:\Users\user\Desktop\Diploma Y1\Y1S3\PCD2\combine\combine\combine.c(2111,99): warning C4474: 'printf' : too many arguments passed for format string
C:\Users\user\Desktop\Diploma Y1\Y1S3\PCD2\combine\combine\combine.c(2111,99): message : placeholders and their parameters expect 1 variadic arguments, but 2 were provided
C:\Users\user\Desktop\Diploma Y1\Y1S3\PCD2\combine\combine\combine.c(2359,101): warning C4474: 'printf' : too many arguments passed for format string
C:\Users\user\Desktop\Diploma Y1\Y1S3\PCD2\combine\combine\combine.c(2359,101): message : placeholders and their parameters expect 1 variadic arguments, but 2 were provided
C:\Users\user\Desktop\Diploma Y1\Y1S3\PCD2\combine\combine\combine.c(2463,7): warning C4101: 'addadd': unreferenced local variable
C:\Users\user\Desktop\Diploma Y1\Y1S3\PCD2\combine\combine\combine.c(2862,6): warning C4101: 'facilityId': unreferenced local variable
C:\Users\user\Desktop\Diploma Y1\Y1S3\PCD2\combine\combine\combine.c(3285,6): warning C4101: 'facilityId': unreferenced local variable
C:\Users\user\Desktop\Diploma Y1\Y1S3\PCD2\combine\combine\combine.c(3280,30): warning C4101: 'checkModifyBookingId': unreferenced local variable
  combine.vcxproj -> C:\Users\user\Desktop\Diploma Y1\Y1S3\PCD2\combine\Debug\combine.exe
